2016-11-15 16:41:20,478 [Worker-3] INFO  c.g.t.t.d.PublishedGradleVersions - Gradle version information cache is up-to-date. Trying to read.
2016-11-15 16:45:50,647 [Worker-1] INFO  c.g.t.t.d.PublishedGradleVersions - Gradle version information cache is up-to-date. Trying to read.
2016-11-19 12:59:14,503 [Worker-2] INFO  c.g.t.t.d.PublishedGradleVersions - Gradle version information cache is out-of-date. Trying to update.
2016-11-25 16:08:24,706 [Worker-2] INFO  c.g.t.t.d.PublishedGradleVersions - Gradle version information cache is out-of-date. Trying to update.
2016-11-26 10:20:52,108 [Worker-4] INFO  c.g.t.t.d.PublishedGradleVersions - Gradle version information cache is up-to-date. Trying to read.
2016-11-26 15:46:38,192 [Worker-1] INFO  c.g.t.t.d.PublishedGradleVersions - Gradle version information cache is up-to-date. Trying to read.
2016-11-26 20:10:09,300 [Worker-3] INFO  c.g.t.t.d.PublishedGradleVersions - Gradle version information cache is out-of-date. Trying to update.
2016-11-27 11:16:34,693 [Worker-1] INFO  c.g.t.t.d.PublishedGradleVersions - Gradle version information cache is up-to-date. Trying to read.
2016-11-28 11:31:42,785 [Worker-0] INFO  c.g.t.t.d.PublishedGradleVersions - Gradle version information cache is up-to-date. Trying to read.
2016-11-29 00:52:35,890 [Worker-0] INFO  c.g.t.t.d.PublishedGradleVersions - Gradle version information cache is up-to-date. Trying to read.
2016-11-29 01:31:37,356 [Worker-1] INFO  c.g.t.t.d.PublishedGradleVersions - Gradle version information cache is up-to-date. Trying to read.
2016-11-29 01:35:24,400 [Start Help Server] INFO  org.eclipse.jetty.util.log - Logging initialized @246663ms
2016-11-29 01:35:24,909 [Start Help Server] INFO  org.eclipse.jetty.server.Server - jetty-9.3.9.v20160517
2016-11-29 01:35:25,025 [Start Help Server] INFO  o.e.j.server.handler.ContextHandler - Started o.e.j.s.ServletContextHandler@7d0ab146{/help,null,AVAILABLE}
2016-11-29 01:35:25,077 [Start Help Server] INFO  o.e.jetty.server.AbstractConnector - Started ServerConnector@1c7e0144{HTTP/1.1,[http/1.1]}{127.0.0.1:54188}
2016-11-29 01:35:25,077 [Start Help Server] INFO  org.eclipse.jetty.server.Server - Started @247342ms
2016-11-29 01:35:49,601 [Stop Help Server] INFO  o.e.jetty.server.AbstractConnector - Stopped ServerConnector@1c7e0144{HTTP/1.1,[http/1.1]}{127.0.0.1:0}
2016-11-29 01:35:49,616 [Stop Help Server] INFO  o.e.j.server.handler.ContextHandler - Stopped o.e.j.s.ServletContextHandler@7d0ab146{/help,null,UNAVAILABLE}
2016-11-29 01:37:38,278 [Worker-0] INFO  c.g.t.t.d.PublishedGradleVersions - Gradle version information cache is up-to-date. Trying to read.
2016-11-29 01:42:18,793 [Worker-1] INFO  c.g.t.t.d.PublishedGradleVersions - Gradle version information cache is up-to-date. Trying to read.
2016-11-29 09:20:23,724 [Worker-0] INFO  c.g.t.t.d.PublishedGradleVersions - Gradle version information cache is out-of-date. Trying to update.
2016-12-07 22:55:34,595 [Worker-0] INFO  c.g.t.t.d.PublishedGradleVersions - Gradle version information cache is up-to-date. Trying to read.
2016-12-07 23:14:37,301 [Worker-1] INFO  c.g.t.t.d.PublishedGradleVersions - Gradle version information cache is up-to-date. Trying to read.
2016-12-08 12:47:32,159 [Worker-2] INFO  c.g.t.t.d.PublishedGradleVersions - Gradle version information cache is up-to-date. Trying to read.
2016-12-08 12:52:19,131 [Start Help Server] INFO  org.eclipse.jetty.util.log - Logging initialized @329225ms
2016-12-08 12:52:19,598 [Start Help Server] INFO  org.eclipse.jetty.server.Server - jetty-9.3.9.v20160517
2016-12-08 12:52:19,765 [Start Help Server] INFO  o.e.j.server.handler.ContextHandler - Started o.e.j.s.ServletContextHandler@3ee50875{/help,null,AVAILABLE}
2016-12-08 12:52:19,978 [Start Help Server] INFO  o.e.jetty.server.AbstractConnector - Started ServerConnector@1d829019{HTTP/1.1,[http/1.1]}{127.0.0.1:60761}
2016-12-08 12:52:19,978 [Start Help Server] INFO  org.eclipse.jetty.server.Server - Started @330073ms
2016-12-08 17:17:26,638 [Stop Help Server] INFO  o.e.jetty.server.AbstractConnector - Stopped ServerConnector@1d829019{HTTP/1.1,[http/1.1]}{127.0.0.1:0}
2016-12-08 17:17:26,694 [Stop Help Server] INFO  o.e.j.server.handler.ContextHandler - Stopped o.e.j.s.ServletContextHandler@3ee50875{/help,null,UNAVAILABLE}
